[13:19:43] [main/INFO] (FabricLoader/GameProvider) Loading Minecraft 1.20.1 with Fabric Loader 0.16.14
[13:19:44] [main/INFO] (FabricLoader) Loading 60 mods:
	- customportalapi 0.0.1-beta65-1.20
	- fabric-api 0.92.6+1.20.1
	- fabric-api-base 0.4.32+1802ada577
	- fabric-api-lookup-api-v1 1.6.37+1802ada577
	- fabric-biome-api-v1 13.0.14+1802ada577
	- fabric-block-api-v1 1.0.12+1802ada577
	- fabric-block-view-api-v2 1.0.3+924f046a77
	- fabric-blockrenderlayer-v1 1.1.42+1802ada577
	- fabric-client-tags-api-v1 1.1.3+1802ada577
	- fabric-command-api-v1 1.2.35+f71b366f77
	- fabric-command-api-v2 2.2.14+1802ada577
	- fabric-commands-v0 0.2.52+df3654b377
	- fabric-containers-v0 0.1.67+df3654b377
	- fabric-content-registries-v0 4.0.13+1802ada577
	- fabric-convention-tags-v1 1.5.6+1802ada577
	- fabric-crash-report-info-v1 0.2.20+1802ada577
	- fabric-data-attachment-api-v1 1.0.2+de0fd6d177
	- fabric-data-generation-api-v1 12.3.7+1802ada577
	- fabric-dimensions-v1 2.1.55+1802ada577
	- fabric-entity-events-v1 1.6.1+1c78457f77
	- fabric-events-interaction-v0 0.6.5+13a40c6677
	- fabric-events-lifecycle-v0 0.2.64+df3654b377
	- fabric-game-rule-api-v1 1.0.41+1802ada577
	- fabric-gametest-api-v1 1.2.15+1802ada577
	- fabric-item-api-v1 2.1.29+1802ada577
	- fabric-item-group-api-v1 4.0.14+1802ada577
	- fabric-key-binding-api-v1 1.0.38+1802ada577
	- fabric-keybindings-v0 0.2.36+df3654b377
	- fabric-lifecycle-events-v1 2.2.23+1802ada577
	- fabric-loot-api-v2 1.2.3+1802ada577
	- fabric-loot-tables-v1 1.1.47+9e7660c677
	- fabric-message-api-v1 5.1.10+1802ada577
	- fabric-mining-level-api-v1 2.1.52+1802ada577
	- fabric-model-loading-api-v1 1.0.4+1802ada577
	- fabric-models-v0 0.4.3+9386d8a777
	- fabric-networking-api-v1 1.3.14+a158aa0477
	- fabric-networking-v0 0.3.54+df3654b377
	- fabric-object-builder-api-v1 11.1.5+e35120df77
	- fabric-particles-v1 1.1.3+1802ada577
	- fabric-recipe-api-v1 1.0.24+1802ada577
	- fabric-registry-sync-v0 2.3.6+1802ada577
	- fabric-renderer-api-v1 3.2.2+1802ada577
	- fabric-renderer-indigo 1.5.3+85287f9f77
	- fabric-renderer-registries-v1 3.2.47+df3654b377
	- fabric-rendering-data-attachment-v1 0.3.39+92a0d36777
	- fabric-rendering-fluids-v1 3.0.29+1802ada577
	- fabric-rendering-v0 1.1.50+df3654b377
	- fabric-rendering-v1 3.0.9+1802ada577
	- fabric-resource-conditions-api-v1 2.3.9+1802ada577
	- fabric-resource-loader-v0 0.11.12+fb82e9d777
	- fabric-screen-api-v1 2.0.9+1802ada577
	- fabric-screen-handler-api-v1 1.3.33+1802ada577
	- fabric-sound-api-v1 1.0.14+1802ada577
	- fabric-transfer-api-v1 3.3.6+8dd72ea377
	- fabric-transitive-access-wideners-v1 4.3.2+1802ada577
	- fabricloader 0.16.14
	- java 21
	- lightseeking 0.3
	- minecraft 1.20.1
	- mixinextras 0.4.1
[13:19:44] [main/INFO] (FabricLoader/Mixin) SpongePowered MIXIN Subsystem Version=0.8.7 Source=file:/C:/Users/jerry/.gradle/caches/modules-2/files-2.1/net.fabricmc/sponge-mixin/0.15.5+mixin.0.8.7/22f9eb729e216a091673a574a5906dc1b9027fb3/sponge-mixin-0.15.5+mixin.0.8.7.jar Service=Knot/Fabric Env=CLIENT
[13:19:45] [main/INFO] (FabricLoader/Mixin) Loaded Fabric development mappings for mixin remapper!
[13:19:45] [main/INFO] (FabricLoader/Mixin) Compatibility level set to JAVA_16
[13:19:45] [main/INFO] (FabricLoader/Mixin) Compatibility level set to JAVA_17
[13:19:46] [main/WARN] (FabricLoader/Mixin) Error loading class: me/jellysquid/mods/sodium/client/model/quad/blender/LinearColorBlender (java.lang.ClassNotFoundException: me/jellysquid/mods/sodium/client/model/quad/blender/LinearColorBlender)
[13:19:48] [main/INFO] (FabricLoader/MixinExtras|Service) Initializing MixinExtras via com.llamalad7.mixinextras.service.MixinExtrasServiceImpl(version=0.4.1).
[13:20:00] [Datafixer Bootstrap/INFO] (Minecraft) 188 Datafixer optimizations took 251 milliseconds
[13:20:03] [Render thread/INFO] (Minecraft) [STDERR]: [LWJGL] [ThreadLocalUtil] Unsupported JNI version detected, this may result in a crash. Please inform LWJGL developers.
[13:20:04] [Render thread/INFO] (Minecraft) Environment: authHost='https://authserver.mojang.com', accountsHost='https://api.mojang.com', sessionHost='https://sessionserver.mojang.com', servicesHost='https://api.minecraftservices.com', name='PROD'
[13:20:05] [Render thread/ERROR] (Minecraft) Failed to verify authentication
com.mojang.authlib.exceptions.InvalidCredentialsException: Status: 401
	at com.mojang.authlib.exceptions.MinecraftClientHttpException.toAuthenticationException(MinecraftClientHttpException.java:56) ~[authlib-4.0.43.jar:?]
	at com.mojang.authlib.yggdrasil.YggdrasilUserApiService.fetchProperties(YggdrasilUserApiService.java:156) ~[authlib-4.0.43.jar:?]
	at com.mojang.authlib.yggdrasil.YggdrasilUserApiService.<init>(YggdrasilUserApiService.java:55) ~[authlib-4.0.43.jar:?]
	at com.mojang.authlib.yggdrasil.YggdrasilAuthenticationService.createUserApiService(YggdrasilAuthenticationService.java:124) ~[authlib-4.0.43.jar:?]
	at net.minecraft.client.MinecraftClient.createUserApiService(MinecraftClient.java:733) ~[minecraft-clientOnly-e572a196b7-1.20.1-net.fabricmc.yarn.1_20_1.1.20.1+build.10-v2.jar:?]
	at net.minecraft.client.MinecraftClient.<init>(MinecraftClient.java:442) ~[minecraft-clientOnly-e572a196b7-1.20.1-net.fabricmc.yarn.1_20_1.1.20.1+build.10-v2.jar:?]
	at net.minecraft.client.main.Main.main(Main.java:211) ~[minecraft-clientOnly-e572a196b7-1.20.1-net.fabricmc.yarn.1_20_1.1.20.1+build.10-v2.jar:?]
	at net.fabricmc.loader.impl.game.minecraft.MinecraftGameProvider.launch(MinecraftGameProvider.java:480) ~[fabric-loader-0.16.14.jar:?]
	at net.fabricmc.loader.impl.launch.knot.Knot.launch(Knot.java:74) ~[fabric-loader-0.16.14.jar:?]
	at net.fabricmc.loader.impl.launch.knot.KnotClient.main(KnotClient.java:23) ~[fabric-loader-0.16.14.jar:?]
	at net.fabricmc.devlaunchinjector.Main.main(Main.java:86) ~[dev-launch-injector-0.2.1+build.8.jar:?]
Caused by: com.mojang.authlib.exceptions.MinecraftClientHttpException: Status: 401
	at com.mojang.authlib.minecraft.client.MinecraftClient.readInputStream(MinecraftClient.java:85) ~[authlib-4.0.43.jar:?]
	at com.mojang.authlib.minecraft.client.MinecraftClient.get(MinecraftClient.java:48) ~[authlib-4.0.43.jar:?]
	at com.mojang.authlib.yggdrasil.YggdrasilUserApiService.fetchProperties(YggdrasilUserApiService.java:129) ~[authlib-4.0.43.jar:?]
	... 9 more
[13:20:05] [Render thread/INFO] (Minecraft) Setting user: Player145
[13:20:05] [Render thread/INFO] (lightseeking) 寻光模组测试
[13:20:05] [Render thread/INFO] (Indigo) [Indigo] Registering Indigo renderer!
[13:20:07] [Render thread/INFO] (Minecraft) Backend library: LWJGL version 3.3.2-snapshot
[13:20:11] [Render thread/INFO] (Minecraft) Reloading ResourceManager: vanilla, fabric (fabric-registry-sync-v0, fabric-item-api-v1, fabric-renderer-indigo, fabric-rendering-v0, fabric-mining-level-api-v1, fabric-block-api-v1, fabric-item-group-api-v1, fabric-convention-tags-v1, fabricloader, fabric-recipe-api-v1, fabric-data-attachment-api-v1, fabric-models-v0, fabric-blockrenderlayer-v1, fabric-commands-v0, fabric-model-loading-api-v1, lightseeking, fabric-message-api-v1, fabric-command-api-v1, fabric-loot-api-v2, fabric-rendering-v1, fabric-screen-handler-api-v1, fabric-client-tags-api-v1, fabric-lifecycle-events-v1, fabric-particles-v1, fabric-rendering-fluids-v1, fabric-resource-conditions-api-v1, fabric-entity-events-v1, fabric-api, fabric-api-base, fabric-transitive-access-wideners-v1, fabric-networking-v0, fabric-object-builder-api-v1, fabric-renderer-registries-v1, fabric-events-interaction-v0, fabric-networking-api-v1, fabric-gametest-api-v1, fabric-biome-api-v1, fabric-screen-api-v1, fabric-api-lookup-api-v1, customportalapi, fabric-dimensions-v1, fabric-crash-report-info-v1, fabric-rendering-data-attachment-v1, fabric-key-binding-api-v1, fabric-sound-api-v1, fabric-content-registries-v0, fabric-events-lifecycle-v0, fabric-containers-v0, fabric-renderer-api-v1, fabric-transfer-api-v1, fabric-block-view-api-v2, fabric-game-rule-api-v1, fabric-command-api-v2, fabric-keybindings-v0, fabric-loot-tables-v1, fabric-resource-loader-v0, fabric-data-generation-api-v1)
[13:20:12] [Worker-Main-1/INFO] (Minecraft) Found unifont_all_no_pua-15.0.06.hex, loading
[13:20:12] [Realms Notification Availability checker #1/INFO] (Minecraft) Could not authorize you against Realms server: java.lang.RuntimeException: Failed to parse into SignedJWT: FabricMC
[13:20:17] [Render thread/WARN] (Minecraft) Missing sound for event: minecraft:item.goat_horn.play
[13:20:17] [Render thread/WARN] (Minecraft) Missing sound for event: minecraft:entity.goat.screaming.horn_break
[13:20:17] [Render thread/INFO] (Minecraft) OpenAL initialized on device OpenAL Soft on 扬声器 (Realtek(R) Audio)
[13:20:17] [Render thread/INFO] (Minecraft) Sound engine started
[13:20:18] [Render thread/INFO] (Minecraft) Created: 1024x512x4 minecraft:textures/atlas/blocks.png-atlas
[13:20:18] [Render thread/INFO] (Minecraft) Created: 256x256x4 minecraft:textures/atlas/signs.png-atlas
[13:20:18] [Render thread/INFO] (Minecraft) Created: 512x512x4 minecraft:textures/atlas/shield_patterns.png-atlas
[13:20:19] [Render thread/INFO] (Minecraft) Created: 512x512x4 minecraft:textures/atlas/banner_patterns.png-atlas
[13:20:19] [Render thread/INFO] (Minecraft) Created: 1024x1024x4 minecraft:textures/atlas/armor_trims.png-atlas
[13:20:20] [Render thread/INFO] (Minecraft) Created: 256x256x4 minecraft:textures/atlas/chest.png-atlas
[13:20:20] [Render thread/INFO] (Minecraft) Created: 128x64x4 minecraft:textures/atlas/decorated_pot.png-atlas
[13:20:20] [Render thread/INFO] (Minecraft) Created: 512x256x4 minecraft:textures/atlas/beds.png-atlas
[13:20:20] [Render thread/INFO] (Minecraft) Created: 512x256x4 minecraft:textures/atlas/shulker_boxes.png-atlas
[13:20:21] [Render thread/WARN] (Minecraft) Shader rendertype_entity_translucent_emissive could not find sampler named Sampler2 in the specified shader program.
[13:20:21] [Render thread/INFO] (Minecraft) Created: 256x256x0 minecraft:textures/atlas/particles.png-atlas
[13:20:21] [Render thread/INFO] (Minecraft) Created: 256x256x0 minecraft:textures/atlas/paintings.png-atlas
[13:20:21] [Render thread/INFO] (Minecraft) Created: 128x128x0 minecraft:textures/atlas/mob_effects.png-atlas
[13:21:41] [Render thread/INFO] (Minecraft) Loaded 7 recipes
[13:21:41] [Render thread/INFO] (Minecraft) Loaded 1271 advancements
[13:22:29] [Render thread/INFO] (Minecraft) Loaded 7 recipes
[13:22:29] [Render thread/INFO] (Minecraft) Loaded 1271 advancements
[13:22:29] [Render thread/INFO] (BiomeModificationImpl) Applied 106 biome modifications to 53 of 66 new biomes in 17.97 ms
[13:22:30] [Server thread/INFO] (Minecraft) Starting integrated minecraft server version 1.20.1
[13:22:30] [Server thread/INFO] (Minecraft) Generating keypair
[13:22:32] [Server thread/INFO] (Minecraft) Preparing start region for dimension minecraft:overworld
[13:22:39] [Render thread/INFO] (Minecraft) 准备生成区域中：0%
[13:22:39] [Render thread/INFO] (Minecraft) 准备生成区域中：0%
[13:22:39] [Render thread/INFO] (Minecraft) 准备生成区域中：0%
[13:22:39] [Render thread/INFO] (Minecraft) 准备生成区域中：0%
[13:22:39] [Render thread/INFO] (Minecraft) 准备生成区域中：0%
[13:22:39] [Render thread/INFO] (Minecraft) 准备生成区域中：0%
[13:22:39] [Render thread/INFO] (Minecraft) 准备生成区域中：0%
[13:22:39] [Render thread/INFO] (Minecraft) 准备生成区域中：0%
[13:22:40] [Render thread/INFO] (Minecraft) 准备生成区域中：0%
[13:22:40] [Render thread/INFO] (Minecraft) 准备生成区域中：0%
[13:22:40] [Render thread/INFO] (Minecraft) 准备生成区域中：0%
[13:22:40] [Render thread/INFO] (Minecraft) 准备生成区域中：0%
[13:22:40] [Render thread/INFO] (Minecraft) 准备生成区域中：0%
[13:22:40] [Render thread/INFO] (Minecraft) 准备生成区域中：0%
[13:22:40] [Render thread/INFO] (Minecraft) 准备生成区域中：0%
[13:22:40] [Render thread/INFO] (Minecraft) 准备生成区域中：0%
[13:22:40] [Render thread/INFO] (Minecraft) 准备生成区域中：7%
[13:22:41] [Render thread/INFO] (Minecraft) 准备生成区域中：27%
[13:22:41] [Render thread/INFO] (Minecraft) 准备生成区域中：43%
[13:22:42] [Render thread/INFO] (Minecraft) 准备生成区域中：43%
[13:22:42] [Render thread/INFO] (Minecraft) 准备生成区域中：75%
[13:22:43] [Render thread/INFO] (Minecraft) 准备生成区域中：86%
[13:22:43] [Render thread/INFO] (Minecraft) Time elapsed: 10721 ms
[13:22:43] [Server thread/INFO] (Minecraft) Changing view distance to 16, from 10
[13:22:43] [Server thread/INFO] (Minecraft) Changing simulation distance to 17, from 0
[13:22:46] [Server thread/INFO] (Minecraft) Player145[local:E:9b41658d] logged in with entity id 272 at (-709.8834059146138, -24.584622481087592, 47.54834428750793)
[13:22:46] [Server thread/INFO] (Minecraft) Player145加入了游戏
[13:22:47] [Render thread/INFO] (Minecraft) Loaded 2 advancements
[13:22:48] [Server thread/WARN] (Minecraft) Can't keep up! Is the server overloaded? Running 3005ms or 60 ticks behind
[13:22:49] [Server thread/INFO] (Minecraft) Saving and pausing game...
[13:22:49] [Server thread/INFO] (Minecraft) Saving chunks for level 'ServerLevel[新的世界]'/minecraft:overworld
[13:22:51] [Server thread/INFO] (Minecraft) Saving chunks for level 'ServerLevel[新的世界]'/lightseeking:univ
[13:22:51] [Server thread/INFO] (Minecraft) Saving chunks for level 'ServerLevel[新的世界]'/minecraft:the_end
[13:22:51] [Server thread/INFO] (Minecraft) Saving chunks for level 'ServerLevel[新的世界]'/lightseeking:skyopening
[13:22:51] [Server thread/INFO] (Minecraft) Saving chunks for level 'ServerLevel[新的世界]'/minecraft:the_nether
[13:23:13] [Server thread/WARN] (Minecraft) Can't keep up! Is the server overloaded? Running 2515ms or 50 ticks behind
[13:23:19] [Render thread/WARN] (Minecraft) Unable to play empty soundEvent: minecraft:entity.salmon.ambient
[13:23:19] [Render thread/WARN] (Minecraft) Unable to play empty soundEvent: minecraft:entity.cod.ambient
[13:23:26] [Server thread/INFO] (Minecraft) Saving and pausing game...
[13:23:26] [Server thread/INFO] (Minecraft) Saving chunks for level 'ServerLevel[新的世界]'/minecraft:overworld
[13:23:26] [Server thread/INFO] (Minecraft) Saving chunks for level 'ServerLevel[新的世界]'/lightseeking:univ
[13:23:27] [Server thread/INFO] (Minecraft) Saving chunks for level 'ServerLevel[新的世界]'/minecraft:the_end
[13:23:27] [Server thread/INFO] (Minecraft) Saving chunks for level 'ServerLevel[新的世界]'/lightseeking:skyopening
[13:23:27] [Server thread/INFO] (Minecraft) Saving chunks for level 'ServerLevel[新的世界]'/minecraft:the_nether
[13:23:42] [Server thread/INFO] (Minecraft) Player145被杀死了
[13:23:42] [Server thread/INFO] (Minecraft) [Player145: 杀死了Player145]
[13:23:42] [Render thread/INFO] (Minecraft) [System] [CHAT] Player145被杀死了
[13:23:42] [Render thread/INFO] (Minecraft) [System] [CHAT] 杀死了Player145
[13:24:07] [Server thread/INFO] (Minecraft) Saving and pausing game...
[13:24:07] [Server thread/INFO] (Minecraft) Saving chunks for level 'ServerLevel[新的世界]'/minecraft:overworld
[13:24:07] [Server thread/INFO] (Minecraft) Saving chunks for level 'ServerLevel[新的世界]'/lightseeking:univ
[13:24:07] [Server thread/INFO] (Minecraft) Saving chunks for level 'ServerLevel[新的世界]'/minecraft:the_end
[13:24:07] [Server thread/INFO] (Minecraft) Saving chunks for level 'ServerLevel[新的世界]'/lightseeking:skyopening
[13:24:07] [Server thread/INFO] (Minecraft) Saving chunks for level 'ServerLevel[新的世界]'/minecraft:the_nether
[13:24:08] [Worker-Main-15/ERROR] (Minecraft) Hanging entity at invalid position: BlockPos{x=-33, y=-57, z=19}
[13:24:08] [Worker-Main-15/ERROR] (Minecraft) Hanging entity at invalid position: BlockPos{x=-31, y=-57, z=19}
[13:24:08] [Worker-Main-15/ERROR] (Minecraft) Hanging entity at invalid position: BlockPos{x=-29, y=-57, z=19}
[13:24:08] [Worker-Main-15/ERROR] (Minecraft) Hanging entity at invalid position: BlockPos{x=-33, y=-57, z=19}
[13:24:08] [Worker-Main-15/ERROR] (Minecraft) Hanging entity at invalid position: BlockPos{x=-31, y=-57, z=19}
[13:24:08] [Worker-Main-15/ERROR] (Minecraft) Hanging entity at invalid position: BlockPos{x=-29, y=-57, z=19}
[13:25:16] [Render thread/WARN] (Minecraft) Unable to play empty soundEvent: minecraft:entity.tropical_fish.ambient
[13:25:46] [Server thread/INFO] (Minecraft) Saving and pausing game...
[13:25:46] [Server thread/INFO] (Minecraft) Saving chunks for level 'ServerLevel[新的世界]'/minecraft:overworld
[13:25:46] [Server thread/INFO] (Minecraft) Saving chunks for level 'ServerLevel[新的世界]'/lightseeking:univ
[13:25:46] [Server thread/INFO] (Minecraft) Saving chunks for level 'ServerLevel[新的世界]'/minecraft:the_end
[13:25:46] [Server thread/INFO] (Minecraft) Saving chunks for level 'ServerLevel[新的世界]'/lightseeking:skyopening
[13:25:46] [Server thread/INFO] (Minecraft) Saving chunks for level 'ServerLevel[新的世界]'/minecraft:the_nether
[13:26:17] [Server thread/INFO] (Minecraft) Player145 lost connection: 连接中断
[13:26:17] [Server thread/INFO] (Minecraft) Player145退出了游戏
[13:26:17] [Server thread/INFO] (Minecraft) Stopping singleplayer server as player logged out
[13:26:17] [Server thread/INFO] (Minecraft) Stopping server
[13:26:17] [Server thread/INFO] (Minecraft) Saving players
[13:26:17] [Server thread/INFO] (Minecraft) Saving worlds
[13:26:18] [Server thread/INFO] (Minecraft) Saving chunks for level 'ServerLevel[新的世界]'/minecraft:overworld
[13:26:19] [Server thread/INFO] (Minecraft) Saving chunks for level 'ServerLevel[新的世界]'/lightseeking:univ
[13:26:20] [Server thread/INFO] (Minecraft) Saving chunks for level 'ServerLevel[新的世界]'/minecraft:the_end
[13:26:20] [Server thread/INFO] (Minecraft) Saving chunks for level 'ServerLevel[新的世界]'/lightseeking:skyopening
[13:26:20] [Server thread/INFO] (Minecraft) Saving chunks for level 'ServerLevel[新的世界]'/minecraft:the_nether
[13:26:20] [Server thread/INFO] (Minecraft) ThreadedAnvilChunkStorage (新的世界 (11)): All chunks are saved
[13:26:20] [Server thread/INFO] (Minecraft) ThreadedAnvilChunkStorage (univ): All chunks are saved
[13:26:20] [Server thread/INFO] (Minecraft) ThreadedAnvilChunkStorage (DIM1): All chunks are saved
[13:26:20] [Server thread/INFO] (Minecraft) ThreadedAnvilChunkStorage (skyopening): All chunks are saved
[13:26:20] [Server thread/INFO] (Minecraft) ThreadedAnvilChunkStorage (DIM-1): All chunks are saved
[13:26:20] [Server thread/INFO] (Minecraft) ThreadedAnvilChunkStorage: All dimensions are saved
[13:26:20] [Render thread/INFO] (Minecraft) Stopping!
