#
# There is insufficient memory for the Java Runtime Environment to continue.
# Native memory allocation (mmap) failed to map 264241152 bytes for G1 virtual space
# Possible reasons:
#   The system is out of physical RAM or swap space
#   The process is running with CompressedOops enabled, and the Java Heap may be blocking the growth of the native heap
# Possible solutions:
#   Reduce memory load on the system
#   Increase physical memory or swap space
#   Check if swap backing store is full
#   Decrease Java heap size (-Xmx/-Xms)
#   Decrease number of Java threads
#   Decrease Java thread stack sizes (-Xss)
#   Set larger code cache with -XX:ReservedCodeCacheSize=
#   JVM is running with Zero Based Compressed Oops mode in which the Java heap is
#     placed in the first 32GB address space. The Java Heap base address is the
#     maximum limit for the native heap growth. Please use -XX:HeapBaseMinAddress
#     to set the Java Heap base and to place the Java Heap above 32GB virtual address.
# This output file may be truncated or incomplete.
#
#  Out of Memory Error (os_windows.cpp:3600), pid=924, tid=55352
#
# JRE version:  (21.0.4+8) (build )
# Java VM: Java HotSpot(TM) 64-Bit Server VM (21.0.4+8-LTS-274, mixed mode, sharing, tiered, compressed oops, compressed class ptrs, g1 gc, windows-amd64)
# No core dump will be written. Minidumps are not enabled by default on client versions of Windows
#

---------------  S U M M A R Y ------------

Command Line: -Dfabric.dli.config=D:\Desktop\lightseekingnext\.gradle\loom-cache\launch.cfg -Dfabric.dli.env=client -Dfabric.dli.main=net.fabricmc.loader.impl.launch.knot.KnotClient -Dfile.encoding=UTF-8 -Duser.country=CN -Duser.language=zh -Duser.variant net.fabricmc.devlaunchinjector.Main

Host: 12th Gen Intel(R) Core(TM) i9-12900H, 20 cores, 15G,  Windows 11 , 64 bit Build 27842 (10.0.27842.1000)
Time: Sat Jul 19 13:00:00 2025  Windows 11 , 64 bit Build 27842 (10.0.27842.1000) elapsed time: 0.052633 seconds (0d 0h 0m 0s)

---------------  T H R E A D  ---------------

Current thread (0x000000cf6c64eb80):  JavaThread "Unknown thread" [_thread_in_vm, id=55352, stack(0x000000cf6cd40000,0x000000cf6ce40000) (1024K)]

Stack: [0x000000cf6cd40000,0x000000cf6ce40000]
Native frames: (J=compiled Java code, j=interpreted, Vv=VM code, C=native code)
V  [jvm.dll+0x6c8e59]
V  [jvm.dll+0x853181]
V  [jvm.dll+0x8556ae]
V  [jvm.dll+0x855d83]
V  [jvm.dll+0x27d526]
V  [jvm.dll+0x6c55f5]
V  [jvm.dll+0x6ba17a]
V  [jvm.dll+0x352a8a]
V  [jvm.dll+0x35a6e6]
V  [jvm.dll+0x3acdae]
V  [jvm.dll+0x3ad058]
V  [jvm.dll+0x326dec]
V  [jvm.dll+0x32794b]
V  [jvm.dll+0x81c569]
V  [jvm.dll+0x3b9a11]
V  [jvm.dll+0x805948]
V  [jvm.dll+0x44ec5e]
V  [jvm.dll+0x450851]
C  [jli.dll+0x52a3]
C  [ucrtbase.dll+0x8cef0]
C  [KERNEL32.DLL+0x35f37]
C  [ntdll.dll+0x33770]


---------------  P R O C E S S  ---------------

Threads class SMR info:
_java_thread_list=0x00007ffc605d6c08, length=0, elements={
}

Java Threads: ( => current thread )
Total: 0

Other Threads:
  0x000000cf6ceef270 WorkerThread "GC Thread#0"                     [id=30888, stack(0x000000cf7d1e0000,0x000000cf7d2e0000) (1024K)]
  0x000000cf6cefff70 ConcurrentGCThread "G1 Main Marker"            [id=50508, stack(0x000000cf7d2e0000,0x000000cf7d3e0000) (1024K)]
  0x000000cf6cf02640 WorkerThread "G1 Conc#0"                       [id=12296, stack(0x000000cf7d3e0000,0x000000cf7d4e0000) (1024K)]

[error occurred during error reporting (printing all threads), id 0xc0000005, EXCEPTION_ACCESS_VIOLATION (0xc0000005) at pc=0x00007ffc5fd49577]
VM state: not at safepoint (not fully initialized)

VM Mutex/Monitor currently owned by a thread:  ([mutex/lock_event])
[0x00007ffc60647f98] Heap_lock - owner thread: 0x000000cf6c64eb80

Heap address: 0x0000000704400000, size: 4028 MB, Compressed Oops mode: Zero based, Oop shift amount: 3

CDS archive(s) mapped at: [0x0000000000000000-0x0000000000000000-0x0000000000000000), size 0, SharedBaseAddress: 0x0000000800000000, ArchiveRelocationMode: 1.
Narrow klass base: 0x0000000000000000, Narrow klass shift: 0, Narrow klass range: 0x0

GC Precious Log:
 CardTable entry size: 512
 Card Set container configuration: InlinePtr #cards 4 size 8 Array Of Cards #cards 16 size 48 Howl #buckets 8 coarsen threshold 3686 Howl Bitmap #cards 512 size 80 coarsen threshold 460 Card regions per heap region 1 cards per card region 4096

Heap:
 garbage-first heap   total 0K, used 0K [0x0000000704400000, 0x0000000800000000)
  region size 2048K, 0 young (0K), 0 survivors (0K)

[error occurred during error reporting (printing heap information), id 0xc0000005, EXCEPTION_ACCESS_VIOLATION (0xc0000005) at pc=0x00007ffc60131df9]
GC Heap History (0 events):
No events

Dll operation events (1 events):
Event: 0.021 Loaded shared library C:\Program Files\Java\jdk-21\bin\java.dll

Deoptimization events (0 events):
No events

Classes loaded (0 events):
No events

Classes unloaded (0 events):
No events

Classes redefined (0 events):
No events

Internal exceptions (0 events):
No events

ZGC Phase Switch (0 events):
No events

VM Operations (0 events):
No events

Events (0 events):
No events


Dynamic libraries:
0x00007ff7b7c00000 - 0x00007ff7b7c10000 	C:\Program Files\Java\jdk-21\bin\java.exe
0x00007ffcbd8d0000 - 0x00007ffcbdb25000 	C:\WINDOWS\SYSTEM32\ntdll.dll
0x00007ffcbb960000 - 0x00007ffcbba29000 	C:\WINDOWS\System32\KERNEL32.DLL
0x00007ffcbab70000 - 0x00007ffcbaf3e000 	C:\WINDOWS\System32\KERNELBASE.dll
0x00007ffcbb400000 - 0x00007ffcbb54e000 	C:\WINDOWS\System32\ucrtbase.dll
0x00007ffca9360000 - 0x00007ffca9379000 	C:\Program Files\Java\jdk-21\bin\jli.dll
0x00007ffcbc970000 - 0x00007ffcbca23000 	C:\WINDOWS\System32\ADVAPI32.dll
0x00007ffcbc430000 - 0x00007ffcbc4d9000 	C:\WINDOWS\System32\msvcrt.dll
0x00007ffcbba70000 - 0x00007ffcbbb16000 	C:\WINDOWS\System32\sechost.dll
0x00007ffcbbfc0000 - 0x00007ffcbc0d2000 	C:\WINDOWS\System32\RPCRT4.dll
0x00007ffca9300000 - 0x00007ffca931b000 	C:\Program Files\Java\jdk-21\bin\VCRUNTIME140.dll
0x00007ffcbd4f0000 - 0x00007ffcbd6bd000 	C:\WINDOWS\System32\USER32.dll
0x00007ffc996c0000 - 0x00007ffc99958000 	C:\WINDOWS\WinSxS\amd64_microsoft.windows.common-controls_6595b64144ccf1df_6.0.27842.1000_none_1404d46fa18e039c\COMCTL32.dll
0x00007ffcbb250000 - 0x00007ffcbb277000 	C:\WINDOWS\System32\win32u.dll
0x00007ffcbcae0000 - 0x00007ffcbcb13000 	C:\WINDOWS\System32\GDI32.dll
0x00007ffcbaf80000 - 0x00007ffcbb0ad000 	C:\WINDOWS\System32\gdi32full.dll
0x00007ffcbb1a0000 - 0x00007ffcbb244000 	C:\WINDOWS\System32\msvcp_win.dll
0x00007ffca5880000 - 0x00007ffca588b000 	C:\WINDOWS\SYSTEM32\VERSION.dll
0x00007ffcbba30000 - 0x00007ffcbba5f000 	C:\WINDOWS\System32\IMM32.DLL
0x00007ffcb4c80000 - 0x00007ffcb4c8c000 	C:\Program Files\Java\jdk-21\bin\vcruntime140_1.dll
0x00007ffca1370000 - 0x00007ffca13fe000 	C:\Program Files\Java\jdk-21\bin\msvcp140.dll
0x00007ffc5fa10000 - 0x00007ffc60723000 	C:\Program Files\Java\jdk-21\bin\server\jvm.dll
0x00007ffcbb600000 - 0x00007ffcbb675000 	C:\WINDOWS\System32\WS2_32.dll
0x00007ffcba7c0000 - 0x00007ffcba81d000 	C:\WINDOWS\SYSTEM32\POWRPROF.dll
0x00007ffcb0c10000 - 0x00007ffcb0c46000 	C:\WINDOWS\SYSTEM32\WINMM.dll
0x00007ffcba7a0000 - 0x00007ffcba7b4000 	C:\WINDOWS\SYSTEM32\UMPDC.dll
0x00007ffcb9780000 - 0x00007ffcb979a000 	C:\WINDOWS\SYSTEM32\kernel.appcore.dll
0x00007ffca92e0000 - 0x00007ffca92ea000 	C:\Program Files\Java\jdk-21\bin\jimage.dll
0x00007ffcb7c60000 - 0x00007ffcb7f30000 	C:\WINDOWS\SYSTEM32\DBGHELP.DLL
0x00007ffcbbc30000 - 0x00007ffcbbfb1000 	C:\WINDOWS\System32\combase.dll
0x00007ffcbb680000 - 0x00007ffcbb756000 	C:\WINDOWS\System32\OLEAUT32.dll
0x00007ffc675c0000 - 0x00007ffc675f9000 	C:\WINDOWS\SYSTEM32\dbgcore.DLL
0x00007ffcbb560000 - 0x00007ffcbb5f2000 	C:\WINDOWS\System32\bcryptPrimitives.dll
0x00007ffca92b0000 - 0x00007ffca92cf000 	C:\Program Files\Java\jdk-21\bin\java.dll

dbghelp: loaded successfully - version: 4.0.5 - missing functions: none
symbol engine: initialized successfully - sym options: 0x614 - pdb path: .;C:\Program Files\Java\jdk-21\bin;C:\WINDOWS\SYSTEM32;C:\WINDOWS\WinSxS\amd64_microsoft.windows.common-controls_6595b64144ccf1df_6.0.27842.1000_none_1404d46fa18e039c;C:\Program Files\Java\jdk-21\bin\server

VM Arguments:
jvm_args: -Dfabric.dli.config=D:\Desktop\lightseekingnext\.gradle\loom-cache\launch.cfg -Dfabric.dli.env=client -Dfabric.dli.main=net.fabricmc.loader.impl.launch.knot.KnotClient -Dfile.encoding=UTF-8 -Duser.country=CN -Duser.language=zh -Duser.variant 
java_command: net.fabricmc.devlaunchinjector.Main
java_class_path (initial): D:\Desktop\lightseekingnext\build\classes\java\client;D:\Desktop\lightseekingnext\build\resources\client;C:\Users\jerry\.gradle\caches\fabric-loom\1.20.1\net.fabricmc.yarn.1_20_1.1.20.1+build.10-v2\mappings.jar;C:\Users\jerry\.gradle\caches\modules-2\files-2.1\org.ow2.asm\asm\9.8\dc19ecb3f7889b7860697215cae99c0f9b6f6b4b\asm-9.8.jar;C:\Users\jerry\.gradle\caches\modules-2\files-2.1\org.ow2.asm\asm-analysis\9.8\b9747a320844b6cb1eacd90d8ecfd260a16c01d3\asm-analysis-9.8.jar;C:\Users\jerry\.gradle\caches\modules-2\files-2.1\org.ow2.asm\asm-commons\9.8\36e4d212970388e5bd2c5180292012502df461bb\asm-commons-9.8.jar;C:\Users\jerry\.gradle\caches\modules-2\files-2.1\org.ow2.asm\asm-tree\9.8\18419ca5b77a2f81097c741e7872e6ab8d2f40d\asm-tree-9.8.jar;C:\Users\jerry\.gradle\caches\modules-2\files-2.1\org.ow2.asm\asm-util\9.8\395f1c1f035258511f27bc9b2583d76e4b143f59\asm-util-9.8.jar;C:\Users\jerry\.gradle\caches\modules-2\files-2.1\net.fabricmc\sponge-mixin\0.15.5+mixin.0.8.7\22f9eb729e216a091673a574a5906dc1b9027fb3\sponge-mixin-0.15.5+mixin.0.8.7.jar;C:\Users\jerry\.gradle\caches\modules-2\files-2.1\io.github.llamalad7\mixinextras-fabric\0.4.1\8d1a9e96afb990367fa1f904d17580d164da72e3\mixinextras-fabric-0.4.1.jar;C:\Users\jerry\.gradle\caches\modules-2\files-2.1\net.fabricmc\dev-launch-injector\0.2.1+build.8\da8bef7e6e2f952da707f282bdb46882a0fce5e3\dev-launch-injector-0.2.1+build.8.jar;C:\Users\jerry\.gradle\caches\modules-2\files-2.1\net.minecrell\terminalconsoleappender\1.3.0\b562e9bb61235c9520e26282cdee71f8f802d1fc\terminalconsoleappender-1.3.0.jar;C:\Users\jerry\.gradle\caches\modules-2\files-2.1\com.github.oshi\oshi-core\6.2.2\54f5efc19bca95d709d9a37d19ffcbba3d21c1a6\oshi-core-6.2.2.jar;C:\Users\jerry\.gradle\caches\modules-2\files-2.1\com.google.code.gson\gson\2.10\dd9b193aef96e973d5a11ab13cd17430c2e4306b\gson-2.10.jar;C:\Users\jerry\.gradle\caches\modules-2\files-2.1\com.google.guava\failureaccess\1.0.1\1dcf1de382a0bf95a3d8b0849546c88bac1292c9\failureaccess-1.0.1.jar;C:\Users\jerry\.gradle\caches\modules-2\files-2.1\com.google.guava\guava\31.1-jre\60458f877d055d0c9114d9e1a2efb737b4bc282c\guava-31.1-jre.jar;C:\Users\jerry\.gradle\caches\modules-2\files-2.1\com.ibm.icu\icu4j\71.1\9e7d3304c23f9ba5cb71915f7cce23231a57a445\icu4j-71.1.jar;C:\Users\jerry\.gradle\caches\modules-2\files-2.1\com.mojang\authlib\4.0.43\2ff9d747a77570a07a60d32ac77eb6162ad2a2d9\authlib-4.0.43.jar;C:\Users\jerry\.gradle\caches\modules-2\files-2.1\com.mojang\blocklist\1.0.10\5c685c5ffa94c4cd39496c7184c1d122e515ecef\blocklist-1.0.10.jar;C:\Users\jerry\.gradle\caches\modules-2\files-2.1\com.mojang\brigadier\1.1.8\5244ce82c3337bba4a196a3ce858bfaecc74404a\brigadier-1.1.8.jar;C:\Users\jerry\.gradle\caches\modules-2\files-2.1\com.mojang\datafixerupper\6.0.8\3ba4a30557a9b057760af4011f909ba619fc5125\datafixerupper-6.0.8.jar;C:\Users\jerry\.gradle\caches\modules-2\files-2.1\com.mojang\logging\1.1.1\832b8e6674a9b325a5175a3a6267dfaf34c85139\logging-1.1.1.jar;C:\Users\jerry\.gradle\caches\modules-2\files-2.1\com.mojang\patchy\2.2.10\da05971b07cbb379d002cf7eaec6a2048211fefc\patchy-2.2.10.jar;C:\Users\jerry\.gradle\caches\modules-2\files-2.1\com.mojang\text2speech\1.17.9\3cad216e3a7f0c19b4b394388bc9ffc446f13b14\text2speech-1.17.9.jar;C:\Users\jerry\.gradle\caches\modules-2\files-2.1\commons-codec\commons-codec\1.15\49d94806b6e3dc933dacbd8acb0fdbab8ebd1e5d\commons-codec-1.15.jar;C:\Users\jerry\.gradle\caches\modules-2\files-2.1\commons-io\commons-io\2.11.0\a2503f302b11ebde7ebc3df41daebe0e4eea3689\commons-io-2.11.0.jar;C:\Users\jerry\.gradle\caches\modules-2\files-2.1\commons-logging\commons-logging\1.2\4bfc12adfe4842bf07b657f0369c4cb522955686\commons-logging-1.2.jar;C:\Users\jerry\.gradle\caches\modules-2\files-2.1\io.netty\netty-buffer\4.1.82.Final\a544270cf1ae8b8077082f5036436a9a9971ea71\netty-buffer-4.1.82.Final.jar;C:\Users\jerry\.gradle\caches\modules-2\files-2.1\io.netty\netty-codec\4.1.82.Final\b77200379acb345a9ffdece1c605e591ac3e4e0a\netty-codec-4.1.82.Final.jar;C:\Users\jerry\.gradle\caches\modules-2\files-2.1\io.netty\netty-common\4.1.82.Final\22d148e85c3f5ebdacc0ce1f5aabb1d420f73f3\netty-common-4.1.82.Final.jar;C:\Users\jerry\.gradle\caches\modules-2\files-2.1\io.netty\netty-handler\4.1.82.Final\644041d1fa96a5d3130a29e8978630d716d76e38\netty-handler-4.1.82.Final.jar;C:\Users\jerry\.gradle\caches\modules-2\files-2.1\io.netty\netty-resolver\4.1.82.Final\38f665ae8dcd29032eea31245ba7806bed2e0fa8\netty-resolver-4.1.82.Final.jar;C:\Users\jerry\.gradle\caches\modules-2\files-2.1\io.netty\netty-transport-classes-epoll\4.1.82.Final\e7c7dd18deac93105797f30057c912651ea76521\netty-transport-classes-epoll-4.1.82.Final.jar;C:\Users\jerry\.gradle\caches\modules-2\files-2.1\io.netty\netty-transport-native-unix-common\4.1.82.Final\3e895b35ca1b8a0eca56cacff4c2dde5d2c6abce\netty-transport-native-unix-common-4.1.82.Final.jar;C:\Users\jerry\.gradle\caches\modules-2\files-2.1\io.netty\netty-transport\4.1.82.Final\e431a218d91acb6476ccad5f5aafde50aa3945ca\netty-transport-4.1.82.Final.jar;C:\Users\jerry\.gradle\caches\modules-2\files-2.1\it.unimi.dsi\fastutil\8.5.9\bb7ea75ecdb216654237830b3a96d87ad91f8cc5\fastutil-8.5.9.jar;C:\Users\jerry\.gradle\caches\modules-2\files-2.1\net.java.dev.jna\jna-platform\5.12.1\97406a297c852f4a41e688a176ec675f72e8329\jna-platform-5.12.1.jar;C:\Users\jerry\.gradle\caches\modules-2\files-2.1\net.java.dev.jna\jna\5.12.1\b1e93a735caea94f503e95e6fe79bf9cdc1e985d\jna-5.12.1.jar;C:\Users\jerry\.gradle\caches\modules-2\files-2.1\net.sf.jopt-simple\jopt-simple\5.0.4\4fdac2fbe92dfad86aa6e9301736f6b4342a3f5c\jopt-simple-5.0.4.jar;C:\Users\jerry\.gradle\caches\modules-2\files-2.1\org.apache.commons\commons-compress\1.21\4ec95b60d4e86b5c95a0e919cb172a0af98011ef\commons-compress-1.21.jar;C:\Users\jerry\.gradle\caches\modules-2\files-2.1\org.apache.commons\commons-lang3\3.12.0\c6842c86792ff03b9f1d1fe2aab8dc23aa6c6f0e\commons-lang3-3.12.0.jar;C:\Users\jerry\.gradle\caches\modules-2\files-2.1\org.apache.httpcomponents\httpclient\4.5.13\e5f6cae5ca7ecaac1ec2827a9e2d65ae2869cada\httpclient-4.5.13.jar;C:\Users\jerry\.gradle\caches\modules-2\files-2.1\org.apache.httpcomponents\httpcore\4.4.15\7f2e0c573eaa7a74bac2e89b359e1f73d92a0a1d\httpcore-4.4.15.jar;C:\Users\jerry\.gradle\caches\modules-2\files-2.1\org.apache.logging.log4j\log4j-core\2.19.0\3b6eeb4de4c49c0fe38a4ee27188ff5fee44d0bb\log4j-core-2.19.0.jar;C:\Users\jerry\.gradle\caches\modules-2\files-2.1\org.apache.logging.log4j\log4j-api\2.19.0\ea1b37f38c327596b216542bc636cfdc0b8036fa\log4j-api-2.19.0.jar;C:\Users\jerry\.gradle\caches\modules-2\files-2.1\org.apache.logging.log4j\log4j-slf4j2-impl\2.19.0\5c04bfdd63ce9dceb2e284b81e96b6a70010ee10\log4j-slf4j2-impl-2.19.0.jar;C:\Users\jerry\.gradle\caches\modules-2\files-2.1\org.joml\joml\1.10.5\22566d58af70ad3d72308bab63b8339906deb649\joml-1.10.5.jar;C:\Users\jerry\.gradle\caches\modules-2\files-2.1\org.lwjgl\lwjgl-glfw\3.3.2\757920418805fb90bfebb3d46b1d9e7669fca2eb\lwjgl-glfw-3.3.2.jar;C:\Users\jerry\.gradle\caches\modules-2\files-2.1\org.lwjgl\lwjgl-glfw\3.3.2\1251e3cb7e5d6159334cfb9244f789ce992f03b\lwjgl-glfw-3.3.2-natives-windows.jar;C:\Users\jerry\.gradle\caches\modules-2\files-2.1\org.lwjgl\lwjgl-glfw\3.3.2\e79c4857a887bd79ba78bdf2d422a7d333028a2d\lwjgl-glfw-3.3.2-natives-windows-arm64.jar;C:\Users\jerry\.gradle\caches\modules-2\files-2.1\org.lwjgl\lwjgl-glfw\3.3.2\17e1f9ec031ef72c2f7825c38eeb3a79c4d8bb17\lwjgl-glfw-3.3.2-natives-windows-x86.jar;C:\Users\jerry\.gradle\caches\modules-2\files-2.1\org.lwjgl\lwjgl-jemalloc\3.3.2\877e17e39ebcd58a9c956dc3b5b777813de0873a\lwjgl-jemalloc-3.3.2.jar;C:\Users\jerry\.gradle\caches\modules-2\files-2.1\org.lwjgl\lwjgl-jemalloc\3.3.2\db886c1f9e313c3fa2a25543b99ccd250d3f9fb5\lwjgl-jemalloc-3.3.2-natives-windows.jar;C:\Users\jerry\.gradle\caches\modules-2\files-2.1\org.lwjgl\lwjgl-jemalloc\3.3.2\598790de603c286dbc4068b27829eacc37592786\lwjgl-jemalloc-3.3.2-natives-windows-arm64.jar;C:\Users\jerry\.gradle\caches\modules-2\files-2.1\org.lwjgl\lwjgl-jemalloc\3.3.2\9b07558f81a5d54dfaeb861bab3ccc86bb4477c9\lwjgl-jemalloc-3.3.2-natives-windows-x86.jar;C:\Users\jerry\.gradle\caches\modules-2\files-2.1\org.lwjgl\lwjgl-openal\3.3.2\ae5357ed6d934546d3533993ea84c0cfb75eed95\lwjgl-openal-3.3.2.jar;C:\Users\jerry\.gradle\caches\modules-2\files-2.1\org.lwjgl\lwjgl-openal\3.3.2\e74f299a602192faaf14b917632e4cbbb493c940\lwjgl-openal-3.3.2-natives-windows.jar;C:\Users\jerry\.gradle\caches\modules-2\files-2.1\org.lwjgl\lwjgl-openal\3.3.2\545ddec7959007a78b6662d616e00dacf00e1c29\lwjgl-openal-3.3.2-natives-windows-arm64.jar;C:\Users\jerry\.gradle\caches\modules-2\files-2.1\org.lwjgl\lwjgl-openal\3.3.2\21fcb44d32ccf101017ec939fc740197677557d5\lwjgl-openal-3.3.2-natives-windows-x86.jar;C:\Users\jerry\.gradle\caches\modules-2\files-2.1\org.lwjgl\lwjgl-opengl\3.3.2\ee8e95be0b438602038bc1f02dc5e3d011b1b216\lwjgl-opengl-3.3.2.jar;C:\Users\jerry\.gradle\caches\modules-2\files-2.1\org.lwjgl\lwjgl-opengl\3.3.2\83cd34469d4e0bc335bf74c7f62206530a9480bf\lwjgl-opengl-3.3.2-natives-windows.jar;C:\Users\jerry\.gradle\caches\modules-2\files-2.1\org.lwjgl\lwjgl-opengl\3.3.2\21df035bf03dbf5001f92291b24dc951da513481\lwjgl-opengl-3.3.2-natives-windows-arm64.jar;C:\Users\jerry\.gradle\caches\modules-2\files-2.1\org.lwjgl\lwjgl-opengl\3.3.2\22fa4149159154b24f6c1bd46a342d4958a9fba1\lwjgl-opengl-3.3.2-natives-windows-x86.jar;C:\Users\jerry\.gradle\caches\modules-2\files-2.1\org.lwjgl\lwjgl-stb\3.3.2\a2550795014d622b686e9caac50b14baa87d2c70\lwjgl-stb-3.3.2.jar;C:\Users\jerry\.gradle\caches\modules-2\files-2.1\org.lwjgl\lwjgl-stb\3.3.2\1c4f4b8353bdb78c5264ab921436f03fc9aa1ba5\lwjgl-stb-3.3.2-natives-windows.jar;C:\Users\jerry\.gradle\caches\modules-2\files-2.1\org.lwjgl\lwjgl-stb\3.3.2\c29df97c3cca97dc00d34e171936153764c9f78b\lwjgl-stb-3.3.2-natives-windows-arm64.jar;C:\Users\jerry\.gradle\caches\modules-2\files-2.1\org.lwjgl\lwjgl-stb\3.3.2\a0de7bde6722fa68d25ba6afbd7395508c53c730\lwjgl-stb-3.3.2-natives-windows-x86.jar;C:\Users\jerry\.gradle\caches\modules-2\files-2.1\org.lwjgl\lwjgl-tinyfd\3.3.2\9f65c248dd77934105274fcf8351abb75b34327c\lwjgl-tinyfd-3.3.2.jar;C:\Users\jerry\.gradle\caches\modules-2\files-2.1\org.lwjgl\lwjgl-tinyfd\3.3.2\54a93ed247d20007a6f579355263fdc2c030753a\lwjgl-tinyfd-3.3.2-natives-windows.jar;C:\Users\jerry\.gradle\caches\modules-2\files-2.1\org.lwjgl\lwjgl-tinyfd\3.3.2\500f5daa3b731ca282d4b90aeafda94c528d3e27\lwjgl-tinyfd-3.3.2-natives-windows-arm64.jar;C:\Users\jerry\.gradle\caches\modules-2\files-2.1\org.lwjgl\lwjgl-tinyfd\3.3.2\c1dfa1c438e0262453e7bf625289540e5cbffb2\lwjgl-tinyfd-3.3.2-natives-windows-x86.jar;C:\Users\jerry\.gradle\caches\modules-2\files-2.1\org.lwjgl\lwjgl\3.3.2\4421d94af68e35dcaa31737a6fc59136a1e61b94\lwjgl-3.3.2.jar;C:\Users\jerry\.gradle\caches\modules-2\files-2.1\org.lwjgl\lwjgl\3.3.2\a55169ced70ffcd15f2162daf4a9c968578f6cd5\lwjgl-3.3.2-natives-windows.jar;C:\Users\jerry\.gradle\caches\modules-2\files-2.1\org.lwjgl\lwjgl\3.3.2\d900e4678449ba97ff46fa64b22e0376bf8cd00e\lwjgl-3.3.2-natives-windows-arm64.jar;C:\Users\jerry\.gradle\caches\modules-2\files-2.1\org.lwjgl\lwjgl\3.3.2\ed495259b2c8f068794da0ffedfa7ae7c130b3c5\lwjgl-3.3.2-natives-windows-x86.jar;C:\Users\jerry\.gradle\caches\modules-2\files-2.1\org.slf4j\slf4j-api\2.0.1\f48d81adce2abf5ad3cfe463df517952749e03bc\slf4j-api-2.0.1.jar;D:\Desktop\lightseekingnext\.gradle\loom-cache\minecraftMaven\net\minecraft\minecraft-clientOnly-e572a196b7\1.20.1-net.fabricmc.yarn.1_20_1.1.20.1+build.10-v2\minecraft-clientOnly-e572a196b7-1.20.1-net.fabricmc.yarn.1_20_1.1.20.1+build.10-v2.jar;D:\Desktop\lightseekingnext\.gradle\loom-cache\minecraftMaven\net\minecraft\minecraft-common-e572a196b7\1.20.1-net.fabricmc.yarn.1_20_1.1.20.1+build.10-v2\minecraft-common-e572a196b7-1.20.1-net.fabricmc.yarn.1_20_1.1.20.1+build.10-v2.jar;C:\Users\jerry\.gradle\caches\modules-2\files-2.1\io.netty\netty-transport-native-epoll\4.1.82.Final\c7350a71920f3ae9142945e25fed4846cce53374\netty-transport-native-epoll-4.1.82.Final-linux-x86_64.jar;C:\Users\jerry\.gradle\caches\modules-2\files-2.1\io.netty\netty-transport-native-epoll\4.1.82.Final\476409d6255001ca53a55f65b01c13822f8dc93a\netty-transport-native-epoll-4.1.82.Final-linux-aarch_64.jar;D:\Desktop\lightseekingnext\.gradle\loom-cache\remapped_mods\remapped\net\fabricmc\fabric-api\fabric-transfer-api-v1-ceaf4ab3-client\3.3.6+8dd72ea377\fabric-transfer-api-v1-ceaf4ab3-client-3.3.6+8dd72ea377.jar;D:\Desktop\lightseekingnext\.gradle\loom-cache\remapped_mods\remapped\net\fabricmc\fabric-api\fabric-blockrenderlayer-v1-ceaf4ab3-client\1.1.42+1802ada577\fabric-blockrenderlayer-v1-ceaf4ab3-client-1.1.42+1802ada577.jar;D:\Desktop\lightseekingnext\.gradle\loom-cache\remapped_mods\remapped\net\fabricmc\fabric-api\fabric-client-tags-api-v1-ceaf4ab3-client\1.1.3+1802ada577\fabric-client-tags-api-v1-ceaf4ab3-client-1.1.3+1802ada577.jar;D:\Desktop\lightseekingnext\.gradle\loom-cache\remapped_mods\remapped\net\fabricmc\fabric-api\fabric-command-api-v2-ceaf4ab3-client\2.2.14+1802ada577\fabric-command-api-v2-ceaf4ab3-client-2.2.14+1802ada577.jar;D:\Desktop\lightseekingnext\.gradle\loom-cache\remapped_mods\remapped\net\fabricmc\fabric-api\fabric-data-attachment-api-v1-ceaf4ab3-client\1.0.2+de0fd6d177\fabric-data-attachment-api-v1-ceaf4ab3-client-1.0.2+de0fd6d177.jar;D:\Desktop\lightseekingnext\.gradle\loom-cache\remapped_mods\remapped\net\fabricmc\fabric-api\fabric-data-generation-api-v1-ceaf4ab3-client\12.3.7+1802ada577\fabric-data-generation-api-v1-ceaf4ab3-client-12.3.7+1802ada577.jar;D:\Desktop\lightseekingnext\.gradle\loom-cache\remapped_mods\remapped\net\fabricmc\fabric-api\fabric-entity-events-v1-ceaf4ab3-client\1.6.1+1c78457f77\fabric-entity-events-v1-ceaf4ab3-client-1.6.1+1c78457f77.jar;D:\Desktop\lightseekingnext\.gradle\loom-cache\remapped_mods\remapped\net\fabricmc\fabric-api\fabric-events-interaction-v0-ceaf4ab3-client\0.6.5+13a40c6677\fabric-events-interaction-v0-ceaf4ab3-client-0.6.5+13a40c6677.jar;D:\Desktop\lightseekingnext\.gradle\loom-cache\remapped_mods\remapped\net\fabricmc\fabric-api\fabric-events-lifecycle-v0-ceaf4ab3-client\0.2.64+df3654b377\fabric-events-lifecycle-v0-ceaf4ab3-client-0.2.64+df3654b377.jar;D:\Desktop\lightseekingnext\.gradle\loom-cache\remapped_mods\remapped\net\fabricmc\fabric-api\fabric-item-api-v1-ceaf4ab3-client\2.1.29+1802ada577\fabric-item-api-v1-ceaf4ab3-client-2.1.29+1802ada577.jar;D:\Desktop\lightseekingnext\.gradle\loom-cache\remapped_mods\remapped\net\fabricmc\fabric-api\fabric-item-group-api-v1-ceaf4ab3-client\4.0.14+1802ada577\fabric-item-group-api-v1-ceaf4ab3-client-4.0.14+1802ada577.jar;D:\Desktop\lightseekingnext\.gradle\loom-cache\remapped_mods\remapped\net\fabricmc\fabric-api\fabric-lifecycle-events-v1-ceaf4ab3-client\2.2.23+1802ada577\fabric-lifecycle-events-v1-ceaf4ab3-client-2.2.23+1802ada577.jar;D:\Desktop\lightseekingnext\.gradle\loom-cache\remapped_mods\remapped\net\fabricmc\fabric-api\fabric-message-api-v1-ceaf4ab3-client\5.1.10+1802ada577\fabric-message-api-v1-ceaf4ab3-client-5.1.10+1802ada577.jar;D:\Desktop\lightseekingnext\.gradle\loom-cache\remapped_mods\remapped\net\fabricmc\fabric-api\fabric-models-v0-ceaf4ab3-client\0.4.3+9386d8a777\fabric-models-v0-ceaf4ab3-client-0.4.3+9386d8a777.jar;D:\Desktop\lightseekingnext\.gradle\loom-cache\remapped_mods\remapped\net\fabricmc\fabric-api\fabric-model-loading-api-v1-ceaf4ab3-client\1.0.4+1802ada577\fabric-model-loading-api-v1-ceaf4ab3-client-1.0.4+1802ada577.jar;D:\Desktop\lightseekingnext\.gradle\loom-cache\remapped_mods\remapped\net\fabricmc\fabric-api\fabric-recipe-api-v1-ceaf4ab3-client\1.0.24+1802ada577\fabric-recipe-api-v1-ceaf4ab3-client-1.0.24+1802ada577.jar;D:\Desktop\lightseekingnext\.gradle\loom-cache\remapped_mods\remapped\net\fabricmc\fabric-api\fabric-registry-sync-v0-ceaf4ab3-client\2.3.6+1802ada577\fabric-registry-sync-v0-ceaf4ab3-client-2.3.6+1802ada577.jar;D:\Desktop\lightseekingnext\.gradle\loom-cache\remapped_mods\remapped\net\fabricmc\fabric-api\fabric-screen-handler-api-v1-ceaf4ab3-client\1.3.33+1802ada577\fabric-screen-handler-api-v1-ceaf4ab3-client-1.3.33+1802ada577.jar;D:\Desktop\lightseekingnext\.gradle\loom-cache\remapped_mods\remapped\net\fabricmc\fabric-api\fabric-containers-v0-ceaf4ab3-client\0.1.67+df3654b377\fabric-containers-v0-ceaf4ab3-client-0.1.67+df3654b377.jar;D:\Desktop\lightseekingnext\.gradle\loom-cache\remapped_mods\remapped\net\fabricmc\fabric-api\fabric-networking-v0-ceaf4ab3-client\0.3.54+df3654b377\fabric-networking-v0-ceaf4ab3-client-0.3.54+df3654b377.jar;D:\Desktop\lightseekingnext\.gradle\loom-cache\remapped_mods\remapped\net\fabricmc\fabric-api\fabric-networking-api-v1-ceaf4ab3-client\1.3.14+a158aa0477\fabric-networking-api-v1-ceaf4ab3-client-1.3.14+a158aa0477.jar;D:\Desktop\lightseekingnext\.gradle\loom-cache\remapped_mods\remapped\net\fabricmc\fabric-api\fabric-object-builder-api-v1-ceaf4ab3-client\11.1.5+e35120df77\fabric-object-builder-api-v1-ceaf4ab3-client-11.1.5+e35120df77.jar;D:\Desktop\lightseekingnext\.gradle\loom-cache\remapped_mods\remapped\net\fabricmc\fabric-api\fabric-particles-v1-ceaf4ab3-client\1.1.3+1802ada577\fabric-particles-v1-ceaf4ab3-client-1.1.3+1802ada577.jar;D:\Desktop\lightseekingnext\.gradle\loom-cache\remapped_mods\remapped\net\fabricmc\fabric-api\fabric-renderer-indigo-ceaf4ab3-client\1.5.3+85287f9f77\fabric-renderer-indigo-ceaf4ab3-client-1.5.3+85287f9f77.jar;D:\Desktop\lightseekingnext\.gradle\loom-cache\remapped_mods\remapped\net\fabricmc\fabric-api\fabric-renderer-api-v1-ceaf4ab3-client\3.2.2+1802ada577\fabric-renderer-api-v1-ceaf4ab3-client-3.2.2+1802ada577.jar;D:\Desktop\lightseekingnext\.gradle\loom-cache\remapped_mods\remapped\net\fabricmc\fabric-api\fabric-rendering-fluids-v1-ceaf4ab3-client\3.0.29+1802ada577\fabric-rendering-fluids-v1-ceaf4ab3-client-3.0.29+1802ada577.jar;D:\Desktop\lightseekingnext\.gradle\loom-cache\remapped_mods\remapped\net\fabricmc\fabric-api\fabric-renderer-registries-v1-ceaf4ab3-client\3.2.47+df3654b377\fabric-renderer-registries-v1-ceaf4ab3-client-3.2.47+df3654b377.jar;D:\Desktop\lightseekingnext\.gradle\loom-cache\remapped_mods\remapped\net\fabricmc\fabric-api\fabric-rendering-v0-ceaf4ab3-client\1.1.50+df3654b377\fabric-rendering-v0-ceaf4ab3-client-1.1.50+df3654b377.jar;D:\Desktop\lightseekingnext\.gradle\loom-cache\remapped_mods\remapped\net\fabricmc\fabric-api\fabric-rendering-v1-ceaf4ab3-client\3.0.9+1802ada577\fabric-rendering-v1-ceaf4ab3-client-3.0.9+1802ada577.jar;D:\Desktop\lightseekingnext\.gradle\loom-cache\remapped_mods\remapped\net\fabricmc\fabric-api\fabric-screen-api-v1-ceaf4ab3-client\2.0.9+1802ada577\fabric-screen-api-v1-ceaf4ab3-client-2.0.9+1802ada577.jar;D:\Desktop\lightseekingnext\.gradle\loom-cache\remapped_mods\remapped\net\fabricmc\fabric-api\fabric-rendering-data-attachment-v1-ceaf4ab3-client\0.3.39+92a0d36777\fabric-rendering-data-attachment-v1-ceaf4ab3-client-0.3.39+92a0d36777.jar;D:\Desktop\lightseekingnext\.gradle\loom-cache\remapped_mods\remapped\net\fabricmc\fabric-api\fabric-block-view-api-v2-ceaf4ab3-client\1.0.3+924f046a77\fabric-block-view-api-v2-ceaf4ab3-client-1.0.3+924f046a77.jar;D:\Desktop\lightseekingnext\.gradle\loom-cache\remapped_mods\remapped\net\fabricmc\fabric-api\fabric-game-rule-api-v1-ceaf4ab3-client\1.0.41+1802ada577\fabric-game-rule-api-v1-ceaf4ab3-client-1.0.41+1802ada577.jar;D:\Desktop\lightseekingnext\.gradle\loom-cache\remapped_mods\remapped\net\fabricmc\fabric-api\fabric-keybindings-v0-ceaf4ab3-client\0.2.36+df3654b377\fabric-keybindings-v0-ceaf4ab3-client-0.2.36+df3654b377.jar;D:\Desktop\lightseekingnext\.gradle\loom-cache\remapped_mods\remapped\net\fabricmc\fabric-api\fabric-key-binding-api-v1-ceaf4ab3-client\1.0.38+1802ada577\fabric-key-binding-api-v1-ceaf4ab3-client-1.0.38+1802ada577.jar;D:\Desktop\lightseekingnext\.gradle\loom-cache\remapped_mods\remapped\net\fabricmc\fabric-api\fabric-resource-loader-v0-ceaf4ab3-client\0.11.12+fb82e9d777\fabric-resource-loader-v0-ceaf4ab3-client-0.11.12+fb82e9d777.jar;D:\Desktop\lightseekingnext\.gradle\loom-cache\remapped_mods\remapped\net\fabricmc\fabric-api\fabric-sound-api-v1-ceaf4ab3-client\1.0.14+1802ada577\fabric-sound-api-v1-ceaf4ab3-client-1.0.14+1802ada577.jar;C:\Users\jerry\.gradle\caches\modules-2\files-2.1\net.fabricmc\fabric-loader\0.16.14\5778d47f536bf2c63ed2abc1a56f5a1c129e34a\fabric-loader-0.16.14.jar;D:\Desktop\lightseekingnext\.gradle\loom-cache\remapped_mods\remapped\net\fabricmc\fabric-api\fabric-api-ceaf4ab3-common\0.92.6+1.20.1\fabric-api-ceaf4ab3-common-0.92.6+1.20.1.jar;D:\Desktop\lightseekingnext\.gradle\loom-cache\remapped_mods\remapped\net\fabricmc\fabric-api\fabric-transfer-api-v1-ceaf4ab3-common\3.3.6+8dd72ea377\fabric-transfer-api-v1-ceaf4ab3-common-3.3.6+8dd72ea377.jar;D:\Desktop\lightseekingnext\.gradle\loom-cache\remapped_mods\remapped\net\fabricmc\fabric-api\fabric-api-lookup-api-v1-ceaf4ab3-common\1.6.37+1802ada577\fabric-api-lookup-api-v1-ceaf4ab3-common-1.6.37+1802ada577.jar;D:\Desktop\lightseekingnext\.gradle\loom-cache\remapped_mods\remapped\net\fabricmc\fabric-api\fabric-command-api-v1-ceaf4ab3-common\1.2.35+f71b366f77\fabric-command-api-v1-ceaf4ab3-common-1.2.35+f71b366f77.jar;D:\Desktop\lightseekingnext\.gradle\loom-cache\remapped_mods\remapped\net\fabricmc\fabric-api\fabric-commands-v0-ceaf4ab3-common\0.2.52+df3654b377\fabric-commands-v0-ceaf4ab3-common-0.2.52+df3654b377.jar;D:\Desktop\lightseekingnext\.gradle\loom-cache\remapped_mods\remapped\net\fabricmc\fabric-api\fabric-command-api-v2-ceaf4ab3-common\2.2.14+1802ada577\fabric-command-api-v2-ceaf4ab3-common-2.2.14+1802ada577.jar;D:\Desktop\lightseekingnext\.gradle\loom-cache\remapped_mods\remapped\net\fabricmc\fabric-api\fabric-content-registries-v0-ceaf4ab3-common\4.0.13+1802ada577\fabric-content-registries-v0-ceaf4ab3-common-4.0.13+1802ada577.jar;D:\Desktop\lightseekingnext\.gradle\loom-cache\remapped_mods\remapped\net\fabricmc\fabric-api\fabric-convention-tags-v1-ceaf4ab3-common\1.5.6+1802ada577\fabric-convention-tags-v1-ceaf4ab3-common-1.5.6+1802ada577.jar;D:\Desktop\lightseekingnext\.gradle\loom-cache\remapped_mods\remapped\net\fabricmc\fabric-api\fabric-data-attachment-api-v1-ceaf4ab3-common\1.0.2+de0fd6d177\fabric-data-attachment-api-v1-ceaf4ab3-common-1.0.2+de0fd6d177.jar;D:\Desktop\lightseekingnext\.gradle\loom-cache\remapped_mods\remapped\net\fabricmc\fabric-api\fabric-data-generation-api-v1-ceaf4ab3-common\12.3.7+1802ada577\fabric-data-generation-api-v1-ceaf4ab3-common-12.3.7+1802ada577.jar;D:\Desktop\lightseekingnext\.gradle\loom-cache\remapped_mods\remapped\net\fabricmc\fabric-api\fabric-dimensions-v1-ceaf4ab3-common\2.1.55+1802ada577\fabric-dimensions-v1-ceaf4ab3-common-2.1.55+1802ada577.jar;D:\Desktop\lightseekingnext\.gradle\loom-cache\remapped_mods\remapped\net\fabricmc\fabric-api\fabric-entity-events-v1-ceaf4ab3-common\1.6.1+1c78457f77\fabric-entity-events-v1-ceaf4ab3-common-1.6.1+1c78457f77.jar;D:\Desktop\lightseekingnext\.gradle\loom-cache\remapped_mods\remapped\net\fabricmc\fabric-api\fabric-events-interaction-v0-ceaf4ab3-common\0.6.5+13a40c6677\fabric-events-interaction-v0-ceaf4ab3-common-0.6.5+13a40c6677.jar;D:\Desktop\lightseekingnext\.gradle\loom-cache\remapped_mods\remapped\net\fabricmc\fabric-api\fabric-gametest-api-v1-ceaf4ab3-common\1.2.15+1802ada577\fabric-gametest-api-v1-ceaf4ab3-common-1.2.15+1802ada577.jar;D:\Desktop\lightseekingnext\.gradle\loom-cache\remapped_mods\remapped\net\fabricmc\fabric-api\fabric-events-lifecycle-v0-ceaf4ab3-common\0.2.64+df3654b377\fabric-events-lifecycle-v0-ceaf4ab3-common-0.2.64+df3654b377.jar;D:\Desktop\lightseekingnext\.gradle\loom-cache\remapped_mods\remapped\net\fabricmc\fabric-api\fabric-item-api-v1-ceaf4ab3-common\2.1.29+1802ada577\fabric-item-api-v1-ceaf4ab3-common-2.1.29+1802ada577.jar;D:\Desktop\lightseekingnext\.gradle\loom-cache\remapped_mods\remapped\net\fabricmc\fabric-api\fabric-item-group-api-v1-ceaf4ab3-common\4.0.14+1802ada577\fabric-item-group-api-v1-ceaf4ab3-common-4.0.14+1802ada577.jar;D:\Desktop\lightseekingnext\.gradle\loom-cache\remapped_mods\remapped\net\fabricmc\fabric-api\fabric-mining-level-api-v1-ceaf4ab3-common\2.1.52+1802ada577\fabric-mining-level-api-v1-ceaf4ab3-common-2.1.52+1802ada577.jar;D:\Desktop\lightseekingnext\.gradle\loom-cache\remapped_mods\remapped\net\fabricmc\fabric-api\fabric-lifecycle-events-v1-ceaf4ab3-common\2.2.23+1802ada577\fabric-lifecycle-events-v1-ceaf4ab3-common-2.2.23+1802ada577.jar;D:\Desktop\lightseekingnext\.gradle\loom-cache\remapped_mods\remapped\net\fabricmc\fabric-api\fabric-loot-tables-v1-ceaf4ab3-common\1.1.47+9e7660c677\fabric-loot-tables-v1-ceaf4ab3-common-1.1.47+9e7660c677.jar;D:\Desktop\lightseekingnext\.gradle\loom-cache\remapped_mods\remapped\net\fabricmc\fabric-api\fabric-loot-api-v2-ceaf4ab3-common\1.2.3+1802ada577\fabric-loot-api-v2-ceaf4ab3-common-1.2.3+1802ada577.jar;D:\Desktop\lightseekingnext\.gradle\loom-cache\remapped_mods\remapped\net\fabricmc\fabric-api\fabric-message-api-v1-ceaf4ab3-common\5.1.10+1802ada577\fabric-message-api-v1-ceaf4ab3-common-5.1.10+1802ada577.jar;D:\Desktop\lightseekingnext\.gradle\loom-cache\remapped_mods\remapped\net\fabricmc\fabric-api\fabric-recipe-api-v1-ceaf4ab3-common\1.0.24+1802ada577\fabric-recipe-api-v1-ceaf4ab3-common-1.0.24+1802ada577.jar;D:\Desktop\lightseekingnext\.gradle\loom-cache\remapped_mods\remapped\net\fabricmc\fabric-api\fabric-registry-sync-v0-ceaf4ab3-common\2.3.6+1802ada577\fabric-registry-sync-v0-ceaf4ab3-common-2.3.6+1802ada577.jar;D:\Desktop\lightseekingnext\.gradle\loom-cache\remapped_mods\remapped\net\fabricmc\fabric-api\fabric-screen-handler-api-v1-ceaf4ab3-common\1.3.33+1802ada577\fabric-screen-handler-api-v1-ceaf4ab3-common-1.3.33+1802ada577.jar;D:\Desktop\lightseekingnext\.gradle\loom-cache\remapped_mods\remapped\net\fabricmc\fabric-api\fabric-containers-v0-ceaf4ab3-common\0.1.67+df3654b377\fabric-containers-v0-ceaf4ab3-common-0.1.67+df3654b377.jar;D:\Desktop\lightseekingnext\.gradle\loom-cache\remapped_mods\remapped\net\fabricmc\fabric-api\fabric-networking-v0-ceaf4ab3-common\0.3.54+df3654b377\fabric-networking-v0-ceaf4ab3-common-0.3.54+df3654b377.jar;D:\Desktop\lightseekingnext\.gradle\loom-cache\remapped_mods\remapped\net\fabricmc\fabric-api\fabric-networking-api-v1-ceaf4ab3-common\1.3.14+a158aa0477\fabric-networking-api-v1-ceaf4ab3-common-1.3.14+a158aa0477.jar;D:\Desktop\lightseekingnext\.gradle\loom-cache\remapped_mods\remapped\net\fabricmc\fabric-api\fabric-object-builder-api-v1-ceaf4ab3-common\11.1.5+e35120df77\fabric-object-builder-api-v1-ceaf4ab3-common-11.1.5+e35120df77.jar;D:\Desktop\lightseekingnext\.gradle\loom-cache\remapped_mods\remapped\net\fabricmc\fabric-api\fabric-particles-v1-ceaf4ab3-common\1.1.3+1802ada577\fabric-particles-v1-ceaf4ab3-common-1.1.3+1802ada577.jar;D:\Desktop\lightseekingnext\.gradle\loom-cache\remapped_mods\remapped\net\fabricmc\fabric-api\fabric-rendering-fluids-v1-ceaf4ab3-common\3.0.29+1802ada577\fabric-rendering-fluids-v1-ceaf4ab3-common-3.0.29+1802ada577.jar;D:\Desktop\lightseekingnext\.gradle\loom-cache\remapped_mods\remapped\net\fabricmc\fabric-api\fabric-api-base-ceaf4ab3-common\0.4.32+1802ada577\fabric-api-base-ceaf4ab3-common-0.4.32+1802ada577.jar;D:\Desktop\lightseekingnext\.gradle\loom-cache\remapped_mods\remapped\net\fabricmc\fabric-api\fabric-biome-api-v1-ceaf4ab3-common\13.0.14+1802ada577\fabric-biome-api-v1-ceaf4ab3-common-13.0.14+1802ada577.jar;D:\Desktop\lightseekingnext\.gradle\loom-cache\remapped_mods\remapped\net\fabricmc\fabric-api\fabric-block-api-v1-ceaf4ab3-common\1.0.12+1802ada577\fabric-block-api-v1-ceaf4ab3-common-1.0.12+1802ada577.jar;D:\Desktop\lightseekingnext\.gradle\loom-cache\remapped_mods\remapped\net\fabricmc\fabric-api\fabric-rendering-data-attachment-v1-ceaf4ab3-common\0.3.39+92a0d36777\fabric-rendering-data-attachment-v1-ceaf4ab3-common-0.3.39+92a0d36777.jar;D:\Desktop\lightseekingnext\.gradle\loom-cache\remapped_mods\remapped\net\fabricmc\fabric-api\fabric-block-view-api-v2-ceaf4ab3-common\1.0.3+924f046a77\fabric-block-view-api-v2-ceaf4ab3-common-1.0.3+924f046a77.jar;D:\Desktop\lightseekingnext\.gradle\loom-cache\remapped_mods\remapped\net\fabricmc\fabric-api\fabric-crash-report-info-v1-ceaf4ab3-common\0.2.20+1802ada577\fabric-crash-report-info-v1-ceaf4ab3-common-0.2.20+1802ada577.jar;D:\Desktop\lightseekingnext\.gradle\loom-cache\remapped_mods\remapped\net\fabricmc\fabric-api\fabric-game-rule-api-v1-ceaf4ab3-common\1.0.41+1802ada577\fabric-game-rule-api-v1-ceaf4ab3-common-1.0.41+1802ada577.jar;D:\Desktop\lightseekingnext\.gradle\loom-cache\remapped_mods\remapped\net\fabricmc\fabric-api\fabric-resource-conditions-api-v1-ceaf4ab3-common\2.3.9+1802ada577\fabric-resource-conditions-api-v1-ceaf4ab3-common-2.3.9+1802ada577.jar;D:\Desktop\lightseekingnext\.gradle\loom-cache\remapped_mods\remapped\net\fabricmc\fabric-api\fabric-resource-loader-v0-ceaf4ab3-common\0.11.12+fb82e9d777\fabric-resource-loader-v0-ceaf4ab3-common-0.11.12+fb82e9d777.jar;D:\Desktop\lightseekingnext\.gradle\loom-cache\remapped_mods\remapped\net\fabricmc\fabric-api\fabric-transitive-access-wideners-v1-ceaf4ab3-common\4.3.2+1802ada577\fabric-transitive-access-wideners-v1-ceaf4ab3-common-4.3.2+1802ada577.jar;C:\Users\jerry\.gradle\caches\modules-2\files-2.1\org.jline\jline-reader\3.20.0\8f15415b022a25b473e8e16c28ae913186ffb9c4\jline-reader-3.20.0.jar;C:\Users\jerry\.gradle\caches\modules-2\files-2.1\org.jline\jline-terminal\3.20.0\d0ddcc708ddf527a3454c941b7b9225cc83a15ff\jline-terminal-3.20.0.jar;D:\Desktop\lightseekingnext\build\classes\java\main;D:\Desktop\lightseekingnext\build\resources\main
Launcher Type: SUN_STANDARD

[Global flags]
     intx CICompilerCount                          = 12                                        {product} {ergonomic}
     uint ConcGCThreads                            = 4                                         {product} {ergonomic}
     uint G1ConcRefinementThreads                  = 15                                        {product} {ergonomic}
   size_t G1HeapRegionSize                         = 2097152                                   {product} {ergonomic}
    uintx GCDrainStackTargetSize                   = 64                                        {product} {ergonomic}
   size_t InitialHeapSize                          = 264241152                                 {product} {ergonomic}
   size_t MarkStackSize                            = 4194304                                   {product} {ergonomic}
   size_t MaxHeapSize                              = 4223664128                                {product} {ergonomic}
   size_t MinHeapDeltaBytes                        = 2097152                                   {product} {ergonomic}
   size_t MinHeapSize                              = 8388608                                   {product} {ergonomic}
    uintx NonNMethodCodeHeapSize                   = 7602480                                {pd product} {ergonomic}
    uintx NonProfiledCodeHeapSize                  = 122027880                              {pd product} {ergonomic}
    uintx ProfiledCodeHeapSize                     = 122027880                              {pd product} {ergonomic}
    uintx ReservedCodeCacheSize                    = 251658240                              {pd product} {ergonomic}
     bool SegmentedCodeCache                       = true                                      {product} {ergonomic}
   size_t SoftMaxHeapSize                          = 4223664128                             {manageable} {ergonomic}
     bool UseCompressedOops                        = true                           {product lp64_product} {ergonomic}
     bool UseG1GC                                  = true                                      {product} {ergonomic}
     bool UseLargePagesIndividualAllocation        = false                                  {pd product} {ergonomic}

Logging:
Log output configuration:
 #0: stdout all=warning uptime,level,tags foldmultilines=false
 #1: stderr all=off uptime,level,tags foldmultilines=false

Environment Variables:
PATH=C:\Program Files (x86)\VMware\VMware Workstation\bin\;C:\Program Files\Common Files\Oracle\Java\javapath;C:\WINDOWS\system32;C:\WINDOWS;C:\WINDOWS\System32\Wbem;C:\WINDOWS\System32\WindowsPowerShell\v1.0\;C:\WINDOWS\System32\OpenSSH\;C:\Program Files\dotnet\;C:\Program Files\Go\bin;C:\Users\jerry\go\bin;D:\Desktop\huawei-honor-unlock-bootloader-master;C:\Program Files (x86)\NetSarang\Xshell 8\;C:\Program Files\nodejs\;C:\Program Files\Git\cmd;D:\phpyx;C:\Users\jerry\AppData\Local\Programs\Python\Python313\Scripts\;C:\Users\jerry\AppData\Local\Programs\Python\Python313\;C:\Users\jerry\AppData\Local\Microsoft\WindowsApps;C:\Users\jerry\AppData\Local\Programs\Microsoft VS Code\bin;C:\Users\jerry\go\bin;C:\Users\jerry\.dotnet\tools;C:\Program Files (x86)\Nmap;C:\Users\jerry\AppData\Roaming\npm;;D:\IDEA\IntelliJ IDEA Community Edition 2025.1.3\bin;
USERNAME=jerry
OS=Windows_NT
PROCESSOR_IDENTIFIER=Intel64 Family 6 Model 154 Stepping 3, GenuineIntel
TMP=C:\Users\jerry\AppData\Local\Temp
TEMP=C:\Users\jerry\AppData\Local\Temp




Periodic native trim disabled

---------------  S Y S T E M  ---------------

OS:
 Windows 11 , 64 bit Build 27842 (10.0.27842.1000)
OS uptime: 5 days 1:16 hours
Hyper-V role detected

CPU: total 20 (initial active 20) (10 cores per cpu, 2 threads per core) family 6 model 154 stepping 3 microcode 0x434, cx8, cmov, fxsr, ht, mmx, 3dnowpref, sse, sse2, sse3, ssse3, sse4.1, sse4.2, popcnt, lzcnt, tsc, tscinvbit, avx, avx2, aes, erms, clmul, bmi1, bmi2, adx, sha, fma, vzeroupper, clflush, clflushopt, clwb, hv, serialize, rdtscp, rdpid, fsrm, f16c, cet_ibt, cet_ss
Processor Information for processor 0
  Max Mhz: 2500, Current Mhz: 2500, Mhz Limit: 2500
Processor Information for processor 1
  Max Mhz: 2500, Current Mhz: 2500, Mhz Limit: 2500
Processor Information for processor 2
  Max Mhz: 2500, Current Mhz: 2500, Mhz Limit: 2500
Processor Information for processor 3
  Max Mhz: 2500, Current Mhz: 2500, Mhz Limit: 2500
Processor Information for processor 4
  Max Mhz: 2500, Current Mhz: 2500, Mhz Limit: 2500
Processor Information for processor 5
  Max Mhz: 2500, Current Mhz: 2500, Mhz Limit: 2500
Processor Information for processor 6
  Max Mhz: 2500, Current Mhz: 2500, Mhz Limit: 2500
Processor Information for processor 7
  Max Mhz: 2500, Current Mhz: 2500, Mhz Limit: 2500
Processor Information for processor 8
  Max Mhz: 2500, Current Mhz: 2500, Mhz Limit: 2500
Processor Information for processor 9
  Max Mhz: 2500, Current Mhz: 2500, Mhz Limit: 2500
Processor Information for processor 10
  Max Mhz: 2500, Current Mhz: 2500, Mhz Limit: 2500
Processor Information for processor 11
  Max Mhz: 2500, Current Mhz: 2500, Mhz Limit: 2500
Processor Information for processor 12
  Max Mhz: 1800, Current Mhz: 1500, Mhz Limit: 1800
Processor Information for processor 13
  Max Mhz: 1800, Current Mhz: 1500, Mhz Limit: 1800
Processor Information for processor 14
  Max Mhz: 1800, Current Mhz: 1800, Mhz Limit: 1800
Processor Information for processor 15
  Max Mhz: 1800, Current Mhz: 1800, Mhz Limit: 1800
Processor Information for processor 16
  Max Mhz: 1800, Current Mhz: 1800, Mhz Limit: 1800
Processor Information for processor 17
  Max Mhz: 1800, Current Mhz: 1800, Mhz Limit: 1800
Processor Information for processor 18
  Max Mhz: 1800, Current Mhz: 1800, Mhz Limit: 1800
Processor Information for processor 19
  Max Mhz: 1800, Current Mhz: 1800, Mhz Limit: 1800

Memory: 4k page, system-wide physical 16108M (657M free)
TotalPageFile size 40274M (AvailPageFile size 182M)
current process WorkingSet (physical memory assigned to process): 13M, peak: 13M
current process commit charge ("private bytes"): 75M, peak: 327M

vm_info: Java HotSpot(TM) 64-Bit Server VM (21.0.4+8-LTS-274) for windows-amd64 JRE (21.0.4+8-LTS-274), built on 2024-06-05T05:23:33Z by "mach5one" with MS VC++ 17.6 (VS2022)

END.
